<?xml version="1.0" encoding="UTF-8"?>
<testsuite name="com.capgemini.test.AccountTest" tests="13" skipped="0" failures="0" errors="0" timestamp="2016-12-23T04:38:47" hostname="DIN51002884" time="0.124">
  <properties/>
  <testcase name="whenTheValidAccountNumberIsPassedBalanceShouldReturn" classname="com.capgemini.test.AccountTest" time="0.11"/>
  <testcase name="whenTheAccountIsInvalidForWithdrawShouldThrowException" classname="com.capgemini.test.AccountTest" time="0.001"/>
  <testcase name="whenTheDepositedAmountIsPassedShouldReturnNewBalance" classname="com.capgemini.test.AccountTest" time="0.001"/>
  <testcase name="whenTheDestinationAccountIsInvalidForFundTransferShouldThrowException" classname="com.capgemini.test.AccountTest" time="0.002"/>
  <testcase name="whenTheAccountIsInvalidForDepositShouldThrowException" classname="com.capgemini.test.AccountTest" time="0.001"/>
  <testcase name="whenTheWithdrawAmountIsValidShouldReturnRemainingBalance" classname="com.capgemini.test.AccountTest" time="0.001"/>
  <testcase name="whenTheDepositAmountIsNegativeOrInsufficientForWithdrawShouldThrowException" classname="com.capgemini.test.AccountTest" time="0.001"/>
  <testcase name="whenTheInvalidAccountNumberIsPassedForShowBalanceShouldThrowException" classname="com.capgemini.test.AccountTest" time="0.001"/>
  <testcase name="whenTheAmountIsLessThan500SystemShouldThrowException" classname="com.capgemini.test.AccountTest" time="0.001"/>
  <testcase name="whenTheFundTransferAmountIsPassedShouldReturnNewBalanceOfDestination" classname="com.capgemini.test.AccountTest" time="0.001"/>
  <testcase name="whenTheDepositAmountIsNegativeForDepositShouldThrowException" classname="com.capgemini.test.AccountTest" time="0.0"/>
  <testcase name="whenTheValidInfoIsPassedAccountShouldBeCreatedSuccessfully" classname="com.capgemini.test.AccountTest" time="0.001"/>
  <testcase name="whenTheAmountIsInvalidForFundTransferShouldThrowException" classname="com.capgemini.test.AccountTest" time="0.001"/>
  <system-out><![CDATA[]]></system-out>
  <system-err><![CDATA[]]></system-err>
</testsuite>
